<?xml version="1.0" encoding="UTF-8"?>
<!-- Generated by org.testng.reporters.JUnitReportReporter -->
<testsuite hostname="DESKTOP-Q6873AV" failures="0" tests="4" name="HL_testNG.TestNgAuth" time="32.060" errors="0" timestamp="04 May 2021 17:58:58 GMT" skipped="0">
  <testcase classname="HL_testNG.TestNgAuth" name="unameCorrect_passwdWrong" time="11.002"/>
  <testcase classname="HL_testNG.TestNgAuth" name="unameWrong_passwdWrong" time="6.938"/>
  <testcase classname="HL_testNG.TestNgAuth" name="unameCorrect_passwdCorrect" time="7.886"/>
  <testcase classname="HL_testNG.TestNgAuth" name="unameWrong_passwdCorrect" time="6.234"/>
</testsuite> <!-- HL_testNG.TestNgAuth -->
