<?xml version="1.0" encoding="UTF-8"?>
<!-- Generated by org.testng.reporters.JUnitReportReporter -->
<testsuite hostname="DESKTOP-Q6873AV" failures="0" tests="5" name="HL_testNG.TestNgAlert" time="40.371" errors="0" timestamp="04 May 2021 18:57:08 GMT" skipped="0">
  <testcase classname="HL_testNG.TestNgAlert" name="promptOK" time="12.896"/>
  <testcase classname="HL_testNG.TestNgAlert" name="promptCancel" time="4.990"/>
  <testcase classname="HL_testNG.TestNgAlert" name="alertOk" time="5.859"/>
  <testcase classname="HL_testNG.TestNgAlert" name="alertConfirmOK" time="10.465"/>
  <testcase classname="HL_testNG.TestNgAlert" name="alertConfirmCancel" time="6.161"/>
</testsuite> <!-- HL_testNG.TestNgAlert -->
