<?xml version="1.0" encoding="UTF-8"?>
<!-- Generated by org.testng.reporters.JUnitReportReporter -->
<testsuite hostname="DESKTOP-Q6873AV" failures="0" tests="1" name="HL_testNG.TestNgDynamicLoading" time="11.256" errors="0" timestamp="04 May 2021 19:56:26 GMT" skipped="0">
  <testcase classname="HL_testNG.TestNgDynamicLoading" name="waitForText" time="11.256"/>
</testsuite> <!-- HL_testNG.TestNgDynamicLoading -->
