<?xml version="1.0" encoding="UTF-8"?>
<!-- Generated by org.testng.reporters.JUnitReportReporter -->
<testsuite hostname="DESKTOP-Q6873AV" failures="0" tests="5" name="HL_testNG.TestNgAlert" time="25.760" errors="0" timestamp="04 May 2021 19:28:08 GMT" skipped="0">
  <testcase classname="HL_testNG.TestNgAlert" name="promptOK" time="6.534"/>
  <testcase classname="HL_testNG.TestNgAlert" name="promptCancel" time="5.226"/>
  <testcase classname="HL_testNG.TestNgAlert" name="alertOk" time="5.797"/>
  <testcase classname="HL_testNG.TestNgAlert" name="alertConfirmOK" time="4.387"/>
  <testcase classname="HL_testNG.TestNgAlert" name="alertConfirmCancel" time="3.816"/>
</testsuite> <!-- HL_testNG.TestNgAlert -->
